2025-11-12 22:26:03 +0000 - dagster - DEBUG - __ASSET_JOB - c4a5ac10-8b72-4976-9c6d-b98d82f0195c - 2072 - LOGS_CAPTURED - Started capturing logs in process (pid: 2072).
2025-11-12 22:26:03 +0000 - dagster - DEBUG - __ASSET_JOB - c4a5ac10-8b72-4976-9c6d-b98d82f0195c - 2072 - dbt_models - STEP_START - Started execution of step "dbt_models".
2025-11-12 22:26:03,465 | [INFO] | Context impl SQLiteImpl.
2025-11-12 22:26:03,465 | [INFO] | Will assume non-transactional DDL.
2025-11-12 22:26:03,566 | [INFO] |  [DBT] Running dbt build...
2025-11-12 22:26:03 +0000 - dagster - INFO - __ASSET_JOB - c4a5ac10-8b72-4976-9c6d-b98d82f0195c - dbt_models - A dbt subsetted execution is not being performed. Using the default dbt selection arguments `['--select', 'fqn:*']`.
2025-11-12 22:26:03,572 | [INFO] | __ASSET_JOB - c4a5ac10-8b72-4976-9c6d-b98d82f0195c - dbt_models - A dbt subsetted execution is not being performed. Using the default dbt selection arguments `['--select', 'fqn:*']`.
2025-11-12 22:26:10 +0000 - dagster - INFO - __ASSET_JOB - c4a5ac10-8b72-4976-9c6d-b98d82f0195c - dbt_models - Copying `/pipeline/postgres_dbt/target/partial_parse.msgpack` to `/pipeline/postgres_dbt/target/dbt_models-c4a5ac1-c7d4dea/partial_parse.msgpack` to take advantage of partial parsing.
2025-11-12 22:26:10,516 | [INFO] | __ASSET_JOB - c4a5ac10-8b72-4976-9c6d-b98d82f0195c - dbt_models - Copying `/pipeline/postgres_dbt/target/partial_parse.msgpack` to `/pipeline/postgres_dbt/target/dbt_models-c4a5ac1-c7d4dea/partial_parse.msgpack` to take advantage of partial parsing.
2025-11-12 22:26:10 +0000 - dagster - INFO - __ASSET_JOB - c4a5ac10-8b72-4976-9c6d-b98d82f0195c - dbt_models - Running dbt command: `dbt build --select fqn:*`.
2025-11-12 22:26:10,569 | [INFO] | __ASSET_JOB - c4a5ac10-8b72-4976-9c6d-b98d82f0195c - dbt_models - Running dbt command: `dbt build --select fqn:*`.
2025-11-12 22:26:16 +0000 - dagster - DEBUG - __ASSET_JOB - c4a5ac10-8b72-4976-9c6d-b98d82f0195c - 2072 - dbt_models - STEP_OUTPUT - Yielded output "transformed__location" of type "Nothing". (Type check passed).
2025-11-12 22:26:16 +0000 - dagster - DEBUG - __ASSET_JOB - c4a5ac10-8b72-4976-9c6d-b98d82f0195c - 2072 - dbt_models - ASSET_MATERIALIZATION - Materialized value transformed location.
2025-11-12 22:26:16 +0000 - dagster - DEBUG - __ASSET_JOB - c4a5ac10-8b72-4976-9c6d-b98d82f0195c - 2072 - dbt_models - STEP_OUTPUT - Yielded output "transformed__fact_tables" of type "Nothing". (Type check passed).
2025-11-12 22:26:17 +0000 - dagster - DEBUG - __ASSET_JOB - c4a5ac10-8b72-4976-9c6d-b98d82f0195c - 2072 - dbt_models - ASSET_MATERIALIZATION - Materialized value transformed fact_tables.
2025-11-12 22:26:17 +0000 - dagster - DEBUG - __ASSET_JOB - c4a5ac10-8b72-4976-9c6d-b98d82f0195c - 2072 - dbt_models - STEP_OUTPUT - Yielded output "transformed__customers" of type "Nothing". (Type check passed).
2025-11-12 22:26:17 +0000 - dagster - DEBUG - __ASSET_JOB - c4a5ac10-8b72-4976-9c6d-b98d82f0195c - 2072 - dbt_models - ASSET_MATERIALIZATION - Materialized value transformed customers.
2025-11-12 22:26:18 +0000 - dagster - DEBUG - __ASSET_JOB - c4a5ac10-8b72-4976-9c6d-b98d82f0195c - 2072 - dbt_models - STEP_OUTPUT - Yielded output "analytics__analytics" of type "Nothing". (Type check passed).
2025-11-12 22:26:18 +0000 - dagster - DEBUG - __ASSET_JOB - c4a5ac10-8b72-4976-9c6d-b98d82f0195c - 2072 - dbt_models - ASSET_MATERIALIZATION - Materialized value analytics analytics.
2025-11-12 22:26:18 +0000 - dagster - DEBUG - __ASSET_JOB - c4a5ac10-8b72-4976-9c6d-b98d82f0195c - 2072 - dbt_models - STEP_OUTPUT - Yielded output "analytics__ml_training" of type "Nothing". (Type check passed).
2025-11-12 22:26:18 +0000 - dagster - DEBUG - __ASSET_JOB - c4a5ac10-8b72-4976-9c6d-b98d82f0195c - 2072 - dbt_models - ASSET_MATERIALIZATION - Materialized value analytics ml_training.
2025-11-12 22:26:18 +0000 - dagster - DEBUG - __ASSET_JOB - c4a5ac10-8b72-4976-9c6d-b98d82f0195c - 2072 - dbt_models - STEP_OUTPUT - Yielded output "analytics__ml_testing" of type "Nothing". (Type check passed).
2025-11-12 22:26:19 +0000 - dagster - DEBUG - __ASSET_JOB - c4a5ac10-8b72-4976-9c6d-b98d82f0195c - 2072 - dbt_models - ASSET_MATERIALIZATION - Materialized value analytics ml_testing.
2025-11-12 22:26:19 +0000 - dagster - DEBUG - __ASSET_JOB - c4a5ac10-8b72-4976-9c6d-b98d82f0195c - 2072 - dbt_models - STEP_OUTPUT - Yielded output "analytics__ml_inference" of type "Nothing". (Type check passed).
2025-11-12 22:26:19 +0000 - dagster - DEBUG - __ASSET_JOB - c4a5ac10-8b72-4976-9c6d-b98d82f0195c - 2072 - dbt_models - ASSET_MATERIALIZATION - Materialized value analytics ml_inference.
2025-11-12 22:26:19 +0000 - dagster - INFO - __ASSET_JOB - c4a5ac10-8b72-4976-9c6d-b98d82f0195c - dbt_models - Finished dbt command: `dbt build --select fqn:*`.
2025-11-12 22:26:19,706 | [INFO] | __ASSET_JOB - c4a5ac10-8b72-4976-9c6d-b98d82f0195c - dbt_models - Finished dbt command: `dbt build --select fqn:*`.
2025-11-12 22:26:19,728 | [INFO] |  [DBT] dbt build completed successfully.
2025-11-12 22:26:19 +0000 - dagster - DEBUG - __ASSET_JOB - c4a5ac10-8b72-4976-9c6d-b98d82f0195c - 2072 - dbt_models - STEP_SUCCESS - Finished execution of step "dbt_models" in 16.27s.
